Row 0
Bootstrap 0.025
Bootstrap 0.05
Bootstrap 0.5
Bootstrap 0.95
Bootstrap 0.975

Row 1
Bootstrap 0.025
Bootstrap 0.05
Bootstrap 0.5
Bootstrap 0.95
Bootstrap 0.975

Row 2
Bootstrap 0.025
Bootstrap 0.05
Bootstrap 0.5
Bootstrap 0.95
Bootstrap 0.975

Row 3
Bootstrap 0.025
Bootstrap 0.05
Bootstrap 0.5
Bootstrap 0.95
Bootstrap 0.975

Row 4
Bootstrap 0.025
Bootstrap 0.05
Bootstrap 0.5
Bootstrap 0.95
Bootstrap 0.975

Row 5
Bootstrap 0.025
Bootstrap 0.05
Bootstrap 0.5
Bootstrap 0.95
Bootstrap 0.975

Row 6
Bootstrap 0.025
Bootstrap 0.05
Bootstrap 0.5
Bootstrap 0.95
Bootstrap 0.975

Row 7
Bootstrap 0.025
Bootstrap 0.05
Bootstrap 0.5
Bootstrap 0.95
Bootstrap 0.975

Row 8
Bootstrap 0.025
Bootstrap 0.05
Bootstrap 0.5
Bootstrap 0.95
Bootstrap 0.975

Row 9
Bootstrap 0.025
Bootstrap 0.05
Bootstrap 0.5
Bootstrap 0.95
Bootstrap 0.975

Row 10
Bootstrap 0.025
Bootstrap 0.05
Bootstrap 0.5
Bootstrap 0.95
Bootstrap 0.975

Row 11
Bootstrap 0.025
Bootstrap 0.05
Bootstrap 0.5
Bootstrap 0.95
Bootstrap 0.975

Row 12
Bootstrap 0.025
Bootstrap 0.05
Bootstrap 0.5
Bootstrap 0.95
Bootstrap 0.975

Row 13
Bootstrap 0.025
Bootstrap 0.05
Bootstrap 0.5
Bootstrap 0.95
Bootstrap 0.975

Row 14
Bootstrap 0.025
Bootstrap 0.05
Bootstrap 0.5
Bootstrap 0.95
Bootstrap 0.975

Row 15
Bootstrap 0.025
Bootstrap 0.05
Bootstrap 0.5
Bootstrap 0.95
Bootstrap 0.975

Row 16
Bootstrap 0.025
Bootstrap 0.05
Bootstrap 0.5
Bootstrap 0.95
Bootstrap 0.975

Row 17
Bootstrap 0.025
Bootstrap 0.05
Bootstrap 0.5
Bootstrap 0.95
Bootstrap 0.975

Row 18
Bootstrap 0.025
Bootstrap 0.05
Bootstrap 0.5
Bootstrap 0.95
Bootstrap 0.975

Row 19
Bootstrap 0.025
Bootstrap 0.05
Bootstrap 0.5
Bootstrap 0.95
Bootstrap 0.975

Row 20
Bootstrap 0.025
Bootstrap 0.05
Bootstrap 0.5
Bootstrap 0.95
Bootstrap 0.975

Row 21
Bootstrap 0.025
Bootstrap 0.05
Bootstrap 0.5
Bootstrap 0.95
Bootstrap 0.975

Row 22
Bootstrap 0.025
Bootstrap 0.05
Bootstrap 0.5
Bootstrap 0.95
Bootstrap 0.975

Row 23
Bootstrap 0.025
Bootstrap 0.05
Bootstrap 0.5
Bootstrap 0.95
Bootstrap 0.975

